<?xml version="1.0" encoding="UTF-8"?>
<!-- Generated by org.testng.reporters.JUnitReportReporter -->
<testsuite skipped="0" hostname="DESKTOP-V8KQ5IT" name="by.popovich.last.AppTest" tests="1" failures="0" timestamp="2019-09-12T12:09:05 MSK" time="0.016" errors="0">
  <testcase name="shouldAnswerWithTrue" time="0.016" classname="by.popovich.last.AppTest"/>
</testsuite> <!-- by.popovich.last.AppTest -->
